\BOOKMARK [1][-]{section*.5}{List of Figures}{}% 1
\BOOKMARK [1][-]{section.1}{Introduction}{}% 2
\BOOKMARK [1][-]{section.2}{Perequisites}{}% 3
\BOOKMARK [2][-]{subsection.2.1}{Secure multi-party computation}{section.2}% 4
\BOOKMARK [2][-]{subsection.2.2}{Security models}{section.2}% 5
\BOOKMARK [3][-]{subsubsection.2.2.1}{Honest-but-curious/passive adversary}{subsection.2.2}% 6
\BOOKMARK [3][-]{subsubsection.2.2.2}{Malicious adversary}{subsection.2.2}% 7
\BOOKMARK [3][-]{subsubsection.2.2.3}{Static and dynamic adversary}{subsection.2.2}% 8
\BOOKMARK [3][-]{subsubsection.2.2.4}{Adversary structure}{subsection.2.2}% 9
\BOOKMARK [3][-]{subsubsection.2.2.5}{Fair vs unfair}{subsection.2.2}% 10
\BOOKMARK [3][-]{subsubsection.2.2.6}{Ideal-real-world model}{subsection.2.2}% 11
\BOOKMARK [2][-]{subsection.2.3}{Secret sharing}{section.2}% 12
\BOOKMARK [3][-]{subsubsection.2.3.1}{Shamir's secret sharing}{subsection.2.3}% 13
\BOOKMARK [4][-]{paragraph.2.3.1.1}{Sharing the secret}{subsubsection.2.3.1}% 14
\BOOKMARK [4][-]{paragraph.2.3.1.2}{Reconstructing the secret from k shares}{subsubsection.2.3.1}% 15
\BOOKMARK [3][-]{subsubsection.2.3.2}{Homomorphic Secret Sharing}{subsection.2.3}% 16
\BOOKMARK [3][-]{subsubsection.2.3.3}{Verifiable Secret Sharing}{subsection.2.3}% 17
\BOOKMARK [2][-]{subsection.2.4}{The Pailler Cryptosystem}{section.2}% 18
\BOOKMARK [3][-]{subsubsection.2.4.1}{Encryption}{subsection.2.4}% 19
\BOOKMARK [3][-]{subsubsection.2.4.2}{Decryption}{subsection.2.4}% 20
\BOOKMARK [3][-]{subsubsection.2.4.3}{Homomorphic properties}{subsection.2.4}% 21
\BOOKMARK [3][-]{subsubsection.2.4.4}{Malleability}{subsection.2.4}% 22
\BOOKMARK [1][-]{section.3}{A protocol for SMC with SSS}{}% 23
\BOOKMARK [2][-]{subsection.3.1}{Related work}{section.3}% 24
\BOOKMARK [2][-]{subsection.3.2}{Design}{section.3}% 25
\BOOKMARK [3][-]{subsubsection.3.2.1}{Dealer}{subsection.3.2}% 26
\BOOKMARK [3][-]{subsubsection.3.2.2}{Analyzer}{subsection.3.2}% 27
\BOOKMARK [3][-]{subsubsection.3.2.3}{Shareholder}{subsection.3.2}% 28
\BOOKMARK [2][-]{subsection.3.3}{Implementation of the Protocol}{section.3}% 29
\BOOKMARK [3][-]{subsubsection.3.3.1}{Dealer}{subsection.3.3}% 30
\BOOKMARK [3][-]{subsubsection.3.3.2}{Analyzer}{subsection.3.3}% 31
\BOOKMARK [3][-]{subsubsection.3.3.3}{Shareholder}{subsection.3.3}% 32
\BOOKMARK [2][-]{subsection.3.4}{Evaluation of the Protocol}{section.3}% 33
\BOOKMARK [3][-]{subsubsection.3.4.1}{Input Privacy and Correctness}{subsection.3.4}% 34
\BOOKMARK [3][-]{subsubsection.3.4.2}{Ideal-real-world comparison}{subsection.3.4}% 35
\BOOKMARK [3][-]{subsubsection.3.4.3}{A differential attack}{subsection.3.4}% 36
\BOOKMARK [2][-]{subsection.3.5}{Final words}{section.3}% 37
\BOOKMARK [1][-]{section*.7}{References}{}% 38
