\BOOKMARK [1][-]{section.1}{Einleitung}{}% 1
\BOOKMARK [1][-]{section.2}{Homomorphe Kryptosysteme}{}% 2
\BOOKMARK [2][-]{subsection.2.1}{Schutzziele der Kryptografie}{section.2}% 3
\BOOKMARK [2][-]{subsection.2.2}{Kryptosysteme}{section.2}% 4
\BOOKMARK [3][-]{subsubsection.2.2.1}{Homomorphes Kryptosystem}{subsection.2.2}% 5
\BOOKMARK [2][-]{subsection.2.3}{Mathematische Grundlagen}{section.2}% 6
\BOOKMARK [2][-]{subsection.2.4}{Semihomomorphes Kryptosystem}{section.2}% 7
\BOOKMARK [3][-]{subsubsection.2.4.1}{Pailler Kryptosystem}{subsection.2.4}% 8
\BOOKMARK [2][-]{subsection.2.5}{Voll Homomorphes Kryptosystem}{section.2}% 9
\BOOKMARK [1][-]{section.3}{Sicherheitskriterien}{}% 10
\BOOKMARK [2][-]{subsection.3.1}{Malleability}{section.3}% 11
\BOOKMARK [2][-]{subsection.3.2}{Privacy-Preserving}{section.3}% 12
\BOOKMARK [2][-]{subsection.3.3}{Sicherheitsklassen}{section.3}% 13
\BOOKMARK [3][-]{subsubsection.3.3.1}{Ununterscheidbarkeit von Geheimtexten \(Ciphertext Indistinguishability\)}{subsection.3.3}% 14
\BOOKMARK [3][-]{subsubsection.3.3.2}{Semantische Sicherheit}{subsection.3.3}% 15
\BOOKMARK [1][-]{section.4}{Klassifikation Homomorpher Kryptosysteme}{}% 16
\BOOKMARK [2][-]{subsection.4.1}{Aufteilungen}{section.4}% 17
\BOOKMARK [2][-]{subsection.4.2}{Autocrypt}{section.4}% 18
\BOOKMARK [2][-]{subsection.4.3}{Machine Learning Classification over encrypted data}{section.4}% 19
\BOOKMARK [2][-]{subsection.4.4}{Privacy Preserving Matrix Factorization}{section.4}% 20
\BOOKMARK [2][-]{subsection.4.5}{Fingerprinting Protocol for Images Based on Additive Homomorphic Property}{section.4}% 21
\BOOKMARK [2][-]{subsection.4.6}{Privacy-Preserving Face Recognition}{section.4}% 22
\BOOKMARK [2][-]{subsection.4.7}{Efficient and Secure Comparison for On-Line Auctions}{section.4}% 23
\BOOKMARK [2][-]{subsection.4.8}{Secure Computation mit SMC oder HE}{section.4}% 24
\BOOKMARK [1][-]{section.5}{Zusammenfassung}{}% 25
\BOOKMARK [1][-]{section.6}{Ausblick}{}% 26
\BOOKMARK [1][-]{section*.5}{Literatur}{}% 27
